[newchat]2021/02/18 - 17:38:56.728	[34minfo[0m	d:/zhou/src/chat/server/initialize/gorm.go:63	register table success
[newchat]2021/02/18 - 17:38:56.743	[34minfo[0m	d:/zhou/src/chat/server/initialize/router.go:22	use middleware logger
[newchat]2021/02/18 - 17:38:56.743	[34minfo[0m	d:/zhou/src/chat/server/initialize/router.go:25	use middleware cors
[newchat]2021/02/18 - 17:38:56.744	[34minfo[0m	d:/zhou/src/chat/server/initialize/router.go:27	register swagger handler
[newchat]2021/02/18 - 17:38:56.750	[34minfo[0m	d:/zhou/src/chat/server/initialize/router.go:55	router register success
[newchat]2021/02/18 - 17:38:56.751	[34minfo[0m	d:/zhou/src/chat/server/core/server.go:29	server run success on 	{"address": ":8888"}
[newchat]2021/02/18 - 18:08:55.330	[34minfo[0m	d:/zhou/src/chat/server/initialize/gorm.go:63	register table success
[newchat]2021/02/18 - 18:08:55.346	[34minfo[0m	d:/zhou/src/chat/server/initialize/router.go:22	use middleware logger
[newchat]2021/02/18 - 18:08:55.346	[34minfo[0m	d:/zhou/src/chat/server/initialize/router.go:25	use middleware cors
[newchat]2021/02/18 - 18:08:55.347	[34minfo[0m	d:/zhou/src/chat/server/initialize/router.go:27	register swagger handler
[newchat]2021/02/18 - 18:08:55.353	[34minfo[0m	d:/zhou/src/chat/server/initialize/router.go:55	router register success
[newchat]2021/02/18 - 18:08:55.354	[34minfo[0m	d:/zhou/src/chat/server/core/server.go:29	server run success on 	{"address": ":8888"}
[newchat]2021/02/18 - 18:18:22.643	[34minfo[0m	d:/zhou/src/chat/server/initialize/gorm.go:63	register table success
[newchat]2021/02/18 - 18:18:22.658	[34minfo[0m	d:/zhou/src/chat/server/initialize/router.go:22	use middleware logger
[newchat]2021/02/18 - 18:18:22.658	[34minfo[0m	d:/zhou/src/chat/server/initialize/router.go:25	use middleware cors
[newchat]2021/02/18 - 18:18:22.658	[34minfo[0m	d:/zhou/src/chat/server/initialize/router.go:27	register swagger handler
[newchat]2021/02/18 - 18:18:22.664	[34minfo[0m	d:/zhou/src/chat/server/initialize/router.go:55	router register success
[newchat]2021/02/18 - 18:18:22.665	[34minfo[0m	d:/zhou/src/chat/server/core/server.go:29	server run success on 	{"address": ":8888"}
[newchat]2021/02/18 - 18:20:54.280	[34minfo[0m	d:/zhou/src/chat/server/initialize/gorm.go:63	register table success
[newchat]2021/02/18 - 18:20:54.295	[34minfo[0m	d:/zhou/src/chat/server/initialize/router.go:22	use middleware logger
[newchat]2021/02/18 - 18:20:54.295	[34minfo[0m	d:/zhou/src/chat/server/initialize/router.go:25	use middleware cors
[newchat]2021/02/18 - 18:20:54.295	[34minfo[0m	d:/zhou/src/chat/server/initialize/router.go:27	register swagger handler
[newchat]2021/02/18 - 18:20:54.302	[34minfo[0m	d:/zhou/src/chat/server/initialize/router.go:55	router register success
[newchat]2021/02/18 - 18:20:54.303	[34minfo[0m	d:/zhou/src/chat/server/core/server.go:29	server run success on 	{"address": ":8888"}
[newchat]2021/02/18 - 18:28:33.630	[34minfo[0m	d:/zhou/src/chat/server/initialize/gorm.go:63	register table success
[newchat]2021/02/18 - 18:28:33.644	[34minfo[0m	d:/zhou/src/chat/server/initialize/router.go:22	use middleware logger
[newchat]2021/02/18 - 18:28:33.644	[34minfo[0m	d:/zhou/src/chat/server/initialize/router.go:25	use middleware cors
[newchat]2021/02/18 - 18:28:33.644	[34minfo[0m	d:/zhou/src/chat/server/initialize/router.go:27	register swagger handler
[newchat]2021/02/18 - 18:28:33.651	[34minfo[0m	d:/zhou/src/chat/server/initialize/router.go:55	router register success
[newchat]2021/02/18 - 18:28:33.652	[34minfo[0m	d:/zhou/src/chat/server/core/server.go:29	server run success on 	{"address": ":8888"}
[newchat]2021/02/18 - 18:32:52.699	[34minfo[0m	d:/zhou/src/chat/server/initialize/gorm.go:63	register table success
[newchat]2021/02/18 - 18:32:52.714	[34minfo[0m	d:/zhou/src/chat/server/initialize/router.go:22	use middleware logger
[newchat]2021/02/18 - 18:32:52.714	[34minfo[0m	d:/zhou/src/chat/server/initialize/router.go:25	use middleware cors
[newchat]2021/02/18 - 18:32:52.714	[34minfo[0m	d:/zhou/src/chat/server/initialize/router.go:27	register swagger handler
[newchat]2021/02/18 - 18:32:52.720	[34minfo[0m	d:/zhou/src/chat/server/initialize/router.go:55	router register success
[newchat]2021/02/18 - 18:32:52.721	[34minfo[0m	d:/zhou/src/chat/server/core/server.go:29	server run success on 	{"address": ":8888"}
[newchat]2021/02/18 - 18:35:29.859	[34minfo[0m	d:/zhou/src/chat/server/initialize/gorm.go:63	register table success
[newchat]2021/02/18 - 18:35:29.873	[34minfo[0m	d:/zhou/src/chat/server/initialize/router.go:22	use middleware logger
[newchat]2021/02/18 - 18:35:29.874	[34minfo[0m	d:/zhou/src/chat/server/initialize/router.go:25	use middleware cors
[newchat]2021/02/18 - 18:35:29.874	[34minfo[0m	d:/zhou/src/chat/server/initialize/router.go:27	register swagger handler
[newchat]2021/02/18 - 18:35:29.880	[34minfo[0m	d:/zhou/src/chat/server/initialize/router.go:55	router register success
[newchat]2021/02/18 - 18:35:29.881	[34minfo[0m	d:/zhou/src/chat/server/core/server.go:29	server run success on 	{"address": ":8888"}
[newchat]2021/02/18 - 18:38:15.482	[34minfo[0m	d:/zhou/src/chat/server/initialize/gorm.go:63	register table success
[newchat]2021/02/18 - 18:38:15.498	[34minfo[0m	d:/zhou/src/chat/server/initialize/router.go:22	use middleware logger
[newchat]2021/02/18 - 18:38:15.498	[34minfo[0m	d:/zhou/src/chat/server/initialize/router.go:25	use middleware cors
[newchat]2021/02/18 - 18:38:15.498	[34minfo[0m	d:/zhou/src/chat/server/initialize/router.go:27	register swagger handler
[newchat]2021/02/18 - 18:38:15.505	[34minfo[0m	d:/zhou/src/chat/server/initialize/router.go:55	router register success
[newchat]2021/02/18 - 18:38:15.507	[34minfo[0m	d:/zhou/src/chat/server/core/server.go:29	server run success on 	{"address": ":8888"}
[newchat]2021/02/18 - 20:23:14.739	[34minfo[0m	d:/zhou/src/chat/server/initialize/gorm.go:63	register table success
[newchat]2021/02/18 - 20:23:14.753	[34minfo[0m	d:/zhou/src/chat/server/initialize/router.go:22	use middleware logger
[newchat]2021/02/18 - 20:23:14.753	[34minfo[0m	d:/zhou/src/chat/server/initialize/router.go:25	use middleware cors
[newchat]2021/02/18 - 20:23:14.754	[34minfo[0m	d:/zhou/src/chat/server/initialize/router.go:27	register swagger handler
[newchat]2021/02/18 - 20:23:14.760	[34minfo[0m	d:/zhou/src/chat/server/initialize/router.go:55	router register success
[newchat]2021/02/18 - 20:23:14.761	[34minfo[0m	d:/zhou/src/chat/server/core/server.go:29	server run success on 	{"address": ":8888"}
[newchat]2021/02/18 - 20:41:55.897	[34minfo[0m	d:/zhou/src/chat/server/initialize/gorm.go:63	register table success
[newchat]2021/02/18 - 20:41:55.910	[34minfo[0m	d:/zhou/src/chat/server/initialize/router.go:22	use middleware logger
[newchat]2021/02/18 - 20:41:55.910	[34minfo[0m	d:/zhou/src/chat/server/initialize/router.go:25	use middleware cors
[newchat]2021/02/18 - 20:41:55.910	[34minfo[0m	d:/zhou/src/chat/server/initialize/router.go:27	register swagger handler
[newchat]2021/02/18 - 20:41:55.917	[34minfo[0m	d:/zhou/src/chat/server/initialize/router.go:55	router register success
[newchat]2021/02/18 - 20:41:55.918	[34minfo[0m	d:/zhou/src/chat/server/core/server.go:29	server run success on 	{"address": ":8888"}
